<?xml version="1.0" encoding="UTF-8" ?>
<testsuite tests="1" failures="0" name="com.algorhythms.helloworld.AppTest" time="0.003" errors="0" skipped="0">
  <properties>
    <property name="java.runtime.name" value="OpenJDK Runtime Environment"/>
    <property name="sun.boot.library.path" value="/Users/rlolage/blt/tools/Darwin/jdk/openjdk1.8.0_172_x64/jre/lib"/>
    <property name="java.vm.version" value="25.172-b01"/>
    <property name="gopherProxySet" value="false"/>
    <property name="java.vm.vendor" value="Azul Systems, Inc."/>
    <property name="maven.multiModuleProjectDirectory" value="/Users/rlolage/PluralSight/algorhythms"/>
    <property name="java.vendor.url" value="http://www.azulsystems.com/"/>
    <property name="path.separator" value=":"/>
    <property name="guice.disable.misplaced.annotation.check" value="true"/>
    <property name="java.vm.name" value="OpenJDK 64-Bit Server VM"/>
    <property name="file.encoding.pkg" value="sun.io"/>
    <property name="user.country" value="US"/>
    <property name="sun.java.launcher" value="SUN_STANDARD"/>
    <property name="sun.os.patch.level" value="unknown"/>
    <property name="java.vm.specification.name" value="Java Virtual Machine Specification"/>
    <property name="user.dir" value="/Users/rlolage/PluralSight/algorhythms"/>
    <property name="java.runtime.version" value="1.8.0_172-b01"/>
    <property name="java.awt.graphicsenv" value="sun.awt.CGraphicsEnvironment"/>
    <property name="java.endorsed.dirs" value="/Users/rlolage/blt/tools/Darwin/jdk/openjdk1.8.0_172_x64/jre/lib/endorsed"/>
    <property name="os.arch" value="x86_64"/>
    <property name="java.io.tmpdir" value="/var/folders/d7/fbxzn9bd6y124zy0gzfglsjdmxsgqy/T/"/>
    <property name="line.separator" value="
"/>
    <property name="java.vm.specification.vendor" value="Oracle Corporation"/>
    <property name="os.name" value="Mac OS X"/>
    <property name="classworlds.conf" value="/Users/rlolage/tools/apache-maven-3.3.9/bin/m2.conf"/>
    <property name="sun.jnu.encoding" value="UTF-8"/>
    <property name="java.library.path" value="/Users/rlolage/Library/Java/Extensions:/Library/Java/Extensions:/Network/Library/Java/Extensions:/System/Library/Java/Extensions:/usr/lib/java:."/>
    <property name="java.specification.name" value="Java Platform API Specification"/>
    <property name="java.class.version" value="52.0"/>
    <property name="sun.management.compiler" value="HotSpot 64-Bit Tiered Compilers"/>
    <property name="os.version" value="10.13.3"/>
    <property name="http.nonProxyHosts" value="local|*.local|169.254/16|*.169.254/16"/>
    <property name="user.home" value="/Users/rlolage"/>
    <property name="user.timezone" value="Asia/Kolkata"/>
    <property name="java.awt.printerjob" value="sun.lwawt.macosx.CPrinterJob"/>
    <property name="java.specification.version" value="1.8"/>
    <property name="file.encoding" value="UTF-8"/>
    <property name="user.name" value="rlolage"/>
    <property name="java.class.path" value="/Users/rlolage/tools/apache-maven-3.3.9/boot/plexus-classworlds-2.5.2.jar"/>
    <property name="java.vm.specification.version" value="1.8"/>
    <property name="sun.arch.data.model" value="64"/>
    <property name="java.home" value="/Users/rlolage/blt/tools/Darwin/jdk/openjdk1.8.0_172_x64/jre"/>
    <property name="sun.java.command" value="org.codehaus.plexus.classworlds.launcher.Launcher -B test surefire-report:report"/>
    <property name="java.specification.vendor" value="Oracle Corporation"/>
    <property name="user.language" value="en"/>
    <property name="awt.toolkit" value="sun.lwawt.macosx.LWCToolkit"/>
    <property name="java.vm.info" value="mixed mode"/>
    <property name="java.version" value="1.8.0_172"/>
    <property name="java.ext.dirs" value="/Users/rlolage/Library/Java/Extensions:/Users/rlolage/blt/tools/Darwin/jdk/openjdk1.8.0_172_x64/jre/lib/ext:/Library/Java/Extensions:/Network/Library/Java/Extensions:/System/Library/Java/Extensions:/usr/lib/java"/>
    <property name="sun.boot.class.path" value="/Users/rlolage/blt/tools/Darwin/jdk/openjdk1.8.0_172_x64/jre/lib/resources.jar:/Users/rlolage/blt/tools/Darwin/jdk/openjdk1.8.0_172_x64/jre/lib/rt.jar:/Users/rlolage/blt/tools/Darwin/jdk/openjdk1.8.0_172_x64/jre/lib/sunrsasign.jar:/Users/rlolage/blt/tools/Darwin/jdk/openjdk1.8.0_172_x64/jre/lib/jsse.jar:/Users/rlolage/blt/tools/Darwin/jdk/openjdk1.8.0_172_x64/jre/lib/jce.jar:/Users/rlolage/blt/tools/Darwin/jdk/openjdk1.8.0_172_x64/jre/lib/charsets.jar:/Users/rlolage/blt/tools/Darwin/jdk/openjdk1.8.0_172_x64/jre/lib/jfr.jar:/Users/rlolage/blt/tools/Darwin/jdk/openjdk1.8.0_172_x64/jre/classes"/>
    <property name="java.vendor" value="Azul Systems, Inc."/>
    <property name="maven.home" value="/Users/rlolage/tools/apache-maven-3.3.9"/>
    <property name="file.separator" value="/"/>
    <property name="java.vendor.url.bug" value="http://www.azulsystems.com/support/"/>
    <property name="sun.cpu.endian" value="little"/>
    <property name="sun.io.unicode.encoding" value="UnicodeBig"/>
    <property name="socksNonProxyHosts" value="local|*.local|169.254/16|*.169.254/16"/>
    <property name="ftp.nonProxyHosts" value="local|*.local|169.254/16|*.169.254/16"/>
    <property name="sun.cpu.isalist" value=""/>
  </properties>
  <testcase classname="com.algorhythms.helloworld.AppTest" name="testApp" time="0.003"/>
</testsuite>